<?xml version="1.0" encoding="UTF-8"?>
<!-- Generated by org.testng.reporters.JUnitReportReporter -->
<testsuite skipped="0" hostname="Abeinators-Air.fios-router.home" name="mavensample.tests.SampleTests" tests="2" failures="0" timestamp="11 Jun 2019 00:38:09 GMT" time="0.041" errors="0">
  <testcase name="SecondTest" time="0.002" classname="mavensample.tests.SampleTests"/>
  <testcase name="FirstTest" time="0.039" classname="mavensample.tests.SampleTests"/>
</testsuite> <!-- mavensample.tests.SampleTests -->
